[2025-03-22 03:01:27] local.ERROR: SQLSTATE[HY000] [2002] Connection refused (SQL: update `host_away_dates` set `single_date` = 2025-03-16, `isAvailable` = 1, `status` = available, `price` = 199, `hostaway_id` = 195178, `minimumStay` = 1, `host_away_dates`.`updated_at` = 2025-03-22 03:01:27 where `single_date` = 2025-03-16 and `hostaway_id` = 195178) {"exception":"[object] (Illuminate\\Database\\QueryException(code: 2002): SQLSTATE[HY000] [2002] Connection refused (SQL: update `host_away_dates` set `single_date` = 2025-03-16, `isAvailable` = 1, `status` = available, `price` = 199, `hostaway_id` = 195178, `minimumStay` = 1, `host_away_dates`.`updated_at` = 2025-03-22 03:01:27 where `single_date` = 2025-03-16 and `hostaway_id` = 195178) at /home/holmeswithaview/htdocs/www.holmeswithaview.com/projects/vendor/laravel/framework/src/Illuminate/Database/Connection.php:760)
[stacktrace]
#0 /home/holmeswithaview/htdocs/www.holmeswithaview.com/projects/vendor/laravel/framework/src/Illuminate/Database/Connection.php(899): Illuminate\\Database\\Connection->runQueryCallback()
#1 /home/holmeswithaview/htdocs/www.holmeswithaview.com/projects/vendor/laravel/framework/src/Illuminate/Database/Connection.php(879): Illuminate\\Database\\Connection->tryAgainIfCausedByLostConnection()
#2 /home/holmeswithaview/htdocs/www.holmeswithaview.com/projects/vendor/laravel/framework/src/Illuminate/Database/Connection.php(723): Illuminate\\Database\\Connection->handleQueryException()
#3 /home/holmeswithaview/htdocs/www.holmeswithaview.com/projects/vendor/laravel/framework/src/Illuminate/Database/Connection.php(577): Illuminate\\Database\\Connection->run()
#4 /home/holmeswithaview/htdocs/www.holmeswithaview.com/projects/vendor/laravel/framework/src/Illuminate/Database/Connection.php(510): Illuminate\\Database\\Connection->affectingStatement()
#5 /home/holmeswithaview/htdocs/www.holmeswithaview.com/projects/vendor/laravel/framework/src/Illuminate/Database/Query/Builder.php(3301): Illuminate\\Database\\Connection->update()
#6 /home/holmeswithaview/htdocs/www.holmeswithaview.com/projects/vendor/laravel/framework/src/Illuminate/Database/Eloquent/Builder.php(1003): Illuminate\\Database\\Query\\Builder->update()
#7 /home/holmeswithaview/htdocs/www.holmeswithaview.com/projects/app/Helper/HostAwayAPI.php(278): Illuminate\\Database\\Eloquent\\Builder->update()
#8 /home/holmeswithaview/htdocs/www.holmeswithaview.com/projects/app/Helper/HostAwayAPI.php(217): App\\Helper\\HostAwayAPI->getAllCalendarAPIRun()
#9 /home/holmeswithaview/htdocs/www.holmeswithaview.com/projects/vendor/laravel/framework/src/Illuminate/Support/Facades/Facade.php(338): App\\Helper\\HostAwayAPI->getPropertiesList()
#10 /home/holmeswithaview/htdocs/www.holmeswithaview.com/projects/app/Http/Controllers/PageController.php(49): Illuminate\\Support\\Facades\\Facade::__callStatic()
#11 /home/holmeswithaview/htdocs/www.holmeswithaview.com/projects/vendor/laravel/framework/src/Illuminate/Routing/Controller.php(54): App\\Http\\Controllers\\PageController->getPropertiesList()
#12 /home/holmeswithaview/htdocs/www.holmeswithaview.com/projects/vendor/laravel/framework/src/Illuminate/Routing/ControllerDispatcher.php(43): Illuminate\\Routing\\Controller->callAction()
#13 /home/holmeswithaview/htdocs/www.holmeswithaview.com/projects/vendor/laravel/framework/src/Illuminate/Routing/Route.php(260): Illuminate\\Routing\\ControllerDispatcher->dispatch()
#14 /home/holmeswithaview/htdocs/www.holmeswithaview.com/projects/vendor/laravel/framework/src/Illuminate/Routing/Route.php(205): Illuminate\\Routing\\Route->runController()
#15 /home/holmeswithaview/htdocs/www.holmeswithaview.com/projects/vendor/laravel/framework/src/Illuminate/Routing/Router.php(798): Illuminate\\Routing\\Route->run()
#16 /home/holmeswithaview/htdocs/www.holmeswithaview.com/projects/vendor/laravel/framework/src/Illuminate/Pipeline/Pipeline.php(141): Illuminate\\Routing\\Router->Illuminate\\Routing\\{closure}()
#17 /home/holmeswithaview/htdocs/www.holmeswithaview.com/projects/vendor/laravel/framework/src/Illuminate/Routing/Middleware/SubstituteBindings.php(50): Illuminate\\Pipeline\\Pipeline->Illuminate\\Pipeline\\{closure}()
#18 /home/holmeswithaview/htdocs/www.holmeswithaview.com/projects/vendor/laravel/framework/src/Illuminate/Pipeline/Pipeline.php(180): Illuminate\\Routing\\Middleware\\SubstituteBindings->handle()
#19 /home/holmeswithaview/htdocs/www.holmeswithaview.com/projects/vendor/laravel/framework/src/Illuminate/View/Middleware/ShareErrorsFromSession.php(49): Illuminate\\Pipeline\\Pipeline->Illuminate\\Pipeline\\{closure}()
#20 /home/holmeswithaview/htdocs/www.holmeswithaview.com/projects/vendor/laravel/framework/src/Illuminate/Pipeline/Pipeline.php(180): Illuminate\\View\\Middleware\\ShareErrorsFromSession->handle()
#21 /home/holmeswithaview/htdocs/www.holmeswithaview.com/projects/vendor/laravel/framework/src/Illuminate/Session/Middleware/StartSession.php(121): Illuminate\\Pipeline\\Pipeline->Illuminate\\Pipeline\\{closure}()
#22 /home/holmeswithaview/htdocs/www.holmeswithaview.com/projects/vendor/laravel/framework/src/Illuminate/Session/Middleware/StartSession.php(64): Illuminate\\Session\\Middleware\\StartSession->handleStatefulRequest()
#23 /home/holmeswithaview/htdocs/www.holmeswithaview.com/projects/vendor/laravel/framework/src/Illuminate/Pipeline/Pipeline.php(180): Illuminate\\Session\\Middleware\\StartSession->handle()
#24 /home/holmeswithaview/htdocs/www.holmeswithaview.com/projects/vendor/laravel/framework/src/Illuminate/Cookie/Middleware/AddQueuedCookiesToResponse.php(37): Illuminate\\Pipeline\\Pipeline->Illuminate\\Pipeline\\{closure}()
#25 /home/holmeswithaview/htdocs/www.holmeswithaview.com/projects/vendor/laravel/framework/src/Illuminate/Pipeline/Pipeline.php(180): Illuminate\\Cookie\\Middleware\\AddQueuedCookiesToResponse->handle()
#26 /home/holmeswithaview/htdocs/www.holmeswithaview.com/projects/vendor/laravel/framework/src/Illuminate/Cookie/Middleware/EncryptCookies.php(67): Illuminate\\Pipeline\\Pipeline->Illuminate\\Pipeline\\{closure}()
#27 /home/holmeswithaview/htdocs/www.holmeswithaview.com/projects/vendor/laravel/framework/src/Illuminate/Pipeline/Pipeline.php(180): Illuminate\\Cookie\\Middleware\\EncryptCookies->handle()
#28 /home/holmeswithaview/htdocs/www.holmeswithaview.com/projects/vendor/laravel/framework/src/Illuminate/Pipeline/Pipeline.php(116): Illuminate\\Pipeline\\Pipeline->Illuminate\\Pipeline\\{closure}()
#29 /home/holmeswithaview/htdocs/www.holmeswithaview.com/projects/vendor/laravel/framework/src/Illuminate/Routing/Router.php(799): Illuminate\\Pipeline\\Pipeline->then()
#30 /home/holmeswithaview/htdocs/www.holmeswithaview.com/projects/vendor/laravel/framework/src/Illuminate/Routing/Router.php(776): Illuminate\\Routing\\Router->runRouteWithinStack()
#31 /home/holmeswithaview/htdocs/www.holmeswithaview.com/projects/vendor/laravel/framework/src/Illuminate/Routing/Router.php(740): Illuminate\\Routing\\Router->runRoute()
#32 /home/holmeswithaview/htdocs/www.holmeswithaview.com/projects/vendor/laravel/framework/src/Illuminate/Routing/Router.php(729): Illuminate\\Routing\\Router->dispatchToRoute()
#33 /home/holmeswithaview/htdocs/www.holmeswithaview.com/projects/vendor/laravel/framework/src/Illuminate/Foundation/Http/Kernel.php(190): Illuminate\\Routing\\Router->dispatch()
#34 /home/holmeswithaview/htdocs/www.holmeswithaview.com/projects/vendor/laravel/framework/src/Illuminate/Pipeline/Pipeline.php(141): Illuminate\\Foundation\\Http\\Kernel->Illuminate\\Foundation\\Http\\{closure}()
#35 /home/holmeswithaview/htdocs/www.holmeswithaview.com/projects/vendor/barryvdh/laravel-debugbar/src/Middleware/InjectDebugbar.php(59): Illuminate\\Pipeline\\Pipeline->Illuminate\\Pipeline\\{closure}()
#36 /home/holmeswithaview/htdocs/www.holmeswithaview.com/projects/vendor/laravel/framework/src/Illuminate/Pipeline/Pipeline.php(180): Barryvdh\\Debugbar\\Middleware\\InjectDebugbar->handle()
#37 /home/holmeswithaview/htdocs/www.holmeswithaview.com/projects/vendor/laravel/framework/src/Illuminate/Foundation/Http/Middleware/TransformsRequest.php(21): Illuminate\\Pipeline\\Pipeline->Illuminate\\Pipeline\\{closure}()
#38 /home/holmeswithaview/htdocs/www.holmeswithaview.com/projects/vendor/laravel/framework/src/Illuminate/Foundation/Http/Middleware/ConvertEmptyStringsToNull.php(31): Illuminate\\Foundation\\Http\\Middleware\\TransformsRequest->handle()
#39 /home/holmeswithaview/htdocs/www.holmeswithaview.com/projects/vendor/laravel/framework/src/Illuminate/Pipeline/Pipeline.php(180): Illuminate\\Foundation\\Http\\Middleware\\ConvertEmptyStringsToNull->handle()
#40 /home/holmeswithaview/htdocs/www.holmeswithaview.com/projects/vendor/laravel/framework/src/Illuminate/Foundation/Http/Middleware/TransformsRequest.php(21): Illuminate\\Pipeline\\Pipeline->Illuminate\\Pipeline\\{closure}()
#41 /home/holmeswithaview/htdocs/www.holmeswithaview.com/projects/vendor/laravel/framework/src/Illuminate/Foundation/Http/Middleware/TrimStrings.php(40): Illuminate\\Foundation\\Http\\Middleware\\TransformsRequest->handle()
#42 /home/holmeswithaview/htdocs/www.holmeswithaview.com/projects/vendor/laravel/framework/src/Illuminate/Pipeline/Pipeline.php(180): Illuminate\\Foundation\\Http\\Middleware\\TrimStrings->handle()
#43 /home/holmeswithaview/htdocs/www.holmeswithaview.com/projects/vendor/laravel/framework/src/Illuminate/Foundation/Http/Middleware/ValidatePostSize.php(27): Illuminate\\Pipeline\\Pipeline->Illuminate\\Pipeline\\{closure}()
#44 /home/holmeswithaview/htdocs/www.holmeswithaview.com/projects/vendor/laravel/framework/src/Illuminate/Pipeline/Pipeline.php(180): Illuminate\\Foundation\\Http\\Middleware\\ValidatePostSize->handle()
#45 /home/holmeswithaview/htdocs/www.holmeswithaview.com/projects/vendor/laravel/framework/src/Illuminate/Foundation/Http/Middleware/PreventRequestsDuringMaintenance.php(86): Illuminate\\Pipeline\\Pipeline->Illuminate\\Pipeline\\{closure}()
#46 /home/holmeswithaview/htdocs/www.holmeswithaview.com/projects/vendor/laravel/framework/src/Illuminate/Pipeline/Pipeline.php(180): Illuminate\\Foundation\\Http\\Middleware\\PreventRequestsDuringMaintenance->handle()
#47 /home/holmeswithaview/htdocs/www.holmeswithaview.com/projects/vendor/laravel/framework/src/Illuminate/Http/Middleware/HandleCors.php(49): Illuminate\\Pipeline\\Pipeline->Illuminate\\Pipeline\\{closure}()
#48 /home/holmeswithaview/htdocs/www.holmeswithaview.com/projects/vendor/laravel/framework/src/Illuminate/Pipeline/Pipeline.php(180): Illuminate\\Http\\Middleware\\HandleCors->handle()
#49 /home/holmeswithaview/htdocs/www.holmeswithaview.com/projects/vendor/laravel/framework/src/Illuminate/Http/Middleware/TrustProxies.php(39): Illuminate\\Pipeline\\Pipeline->Illuminate\\Pipeline\\{closure}()
#50 /home/holmeswithaview/htdocs/www.holmeswithaview.com/projects/vendor/laravel/framework/src/Illuminate/Pipeline/Pipeline.php(180): Illuminate\\Http\\Middleware\\TrustProxies->handle()
#51 /home/holmeswithaview/htdocs/www.holmeswithaview.com/projects/vendor/laravel/framework/src/Illuminate/Pipeline/Pipeline.php(116): Illuminate\\Pipeline\\Pipeline->Illuminate\\Pipeline\\{closure}()
#52 /home/holmeswithaview/htdocs/www.holmeswithaview.com/projects/vendor/laravel/framework/src/Illuminate/Foundation/Http/Kernel.php(165): Illuminate\\Pipeline\\Pipeline->then()
#53 /home/holmeswithaview/htdocs/www.holmeswithaview.com/projects/vendor/laravel/framework/src/Illuminate/Foundation/Http/Kernel.php(134): Illuminate\\Foundation\\Http\\Kernel->sendRequestThroughRouter()
#54 /home/holmeswithaview/htdocs/www.holmeswithaview.com/index.php(54): Illuminate\\Foundation\\Http\\Kernel->handle()
#55 {main}

[previous exception] [object] (PDOException(code: 2002): SQLSTATE[HY000] [2002] Connection refused at /home/holmeswithaview/htdocs/www.holmeswithaview.com/projects/vendor/laravel/framework/src/Illuminate/Database/Connectors/Connector.php:70)
[stacktrace]
#0 /home/holmeswithaview/htdocs/www.holmeswithaview.com/projects/vendor/laravel/framework/src/Illuminate/Database/Connectors/Connector.php(70): PDO->__construct()
#1 /home/holmeswithaview/htdocs/www.holmeswithaview.com/projects/vendor/laravel/framework/src/Illuminate/Database/Connectors/Connector.php(100): Illuminate\\Database\\Connectors\\Connector->createPdoConnection()
#2 /home/holmeswithaview/htdocs/www.holmeswithaview.com/projects/vendor/laravel/framework/src/Illuminate/Database/Connectors/Connector.php(50): Illuminate\\Database\\Connectors\\Connector->tryAgainIfCausedByLostConnection()
#3 /home/holmeswithaview/htdocs/www.holmeswithaview.com/projects/vendor/laravel/framework/src/Illuminate/Database/Connectors/MySqlConnector.php(24): Illuminate\\Database\\Connectors\\Connector->createConnection()
#4 /home/holmeswithaview/htdocs/www.holmeswithaview.com/projects/vendor/laravel/framework/src/Illuminate/Database/Connectors/ConnectionFactory.php(184): Illuminate\\Database\\Connectors\\MySqlConnector->connect()
#5 [internal function]: Illuminate\\Database\\Connectors\\ConnectionFactory->Illuminate\\Database\\Connectors\\{closure}()
#6 /home/holmeswithaview/htdocs/www.holmeswithaview.com/projects/vendor/laravel/framework/src/Illuminate/Database/Connection.php(1171): call_user_func()
#7 /home/holmeswithaview/htdocs/www.holmeswithaview.com/projects/vendor/laravel/framework/src/Illuminate/Database/Connection.php(566): Illuminate\\Database\\Connection->getPdo()
#8 /home/holmeswithaview/htdocs/www.holmeswithaview.com/projects/vendor/laravel/framework/src/Illuminate/Database/Connection.php(753): Illuminate\\Database\\Connection->Illuminate\\Database\\{closure}()
#9 /home/holmeswithaview/htdocs/www.holmeswithaview.com/projects/vendor/laravel/framework/src/Illuminate/Database/Connection.php(899): Illuminate\\Database\\Connection->runQueryCallback()
#10 /home/holmeswithaview/htdocs/www.holmeswithaview.com/projects/vendor/laravel/framework/src/Illuminate/Database/Connection.php(879): Illuminate\\Database\\Connection->tryAgainIfCausedByLostConnection()
#11 /home/holmeswithaview/htdocs/www.holmeswithaview.com/projects/vendor/laravel/framework/src/Illuminate/Database/Connection.php(723): Illuminate\\Database\\Connection->handleQueryException()
#12 /home/holmeswithaview/htdocs/www.holmeswithaview.com/projects/vendor/laravel/framework/src/Illuminate/Database/Connection.php(577): Illuminate\\Database\\Connection->run()
#13 /home/holmeswithaview/htdocs/www.holmeswithaview.com/projects/vendor/laravel/framework/src/Illuminate/Database/Connection.php(510): Illuminate\\Database\\Connection->affectingStatement()
#14 /home/holmeswithaview/htdocs/www.holmeswithaview.com/projects/vendor/laravel/framework/src/Illuminate/Database/Query/Builder.php(3301): Illuminate\\Database\\Connection->update()
#15 /home/holmeswithaview/htdocs/www.holmeswithaview.com/projects/vendor/laravel/framework/src/Illuminate/Database/Eloquent/Builder.php(1003): Illuminate\\Database\\Query\\Builder->update()
#16 /home/holmeswithaview/htdocs/www.holmeswithaview.com/projects/app/Helper/HostAwayAPI.php(278): Illuminate\\Database\\Eloquent\\Builder->update()
#17 /home/holmeswithaview/htdocs/www.holmeswithaview.com/projects/app/Helper/HostAwayAPI.php(217): App\\Helper\\HostAwayAPI->getAllCalendarAPIRun()
#18 /home/holmeswithaview/htdocs/www.holmeswithaview.com/projects/vendor/laravel/framework/src/Illuminate/Support/Facades/Facade.php(338): App\\Helper\\HostAwayAPI->getPropertiesList()
#19 /home/holmeswithaview/htdocs/www.holmeswithaview.com/projects/app/Http/Controllers/PageController.php(49): Illuminate\\Support\\Facades\\Facade::__callStatic()
#20 /home/holmeswithaview/htdocs/www.holmeswithaview.com/projects/vendor/laravel/framework/src/Illuminate/Routing/Controller.php(54): App\\Http\\Controllers\\PageController->getPropertiesList()
#21 /home/holmeswithaview/htdocs/www.holmeswithaview.com/projects/vendor/laravel/framework/src/Illuminate/Routing/ControllerDispatcher.php(43): Illuminate\\Routing\\Controller->callAction()
#22 /home/holmeswithaview/htdocs/www.holmeswithaview.com/projects/vendor/laravel/framework/src/Illuminate/Routing/Route.php(260): Illuminate\\Routing\\ControllerDispatcher->dispatch()
#23 /home/holmeswithaview/htdocs/www.holmeswithaview.com/projects/vendor/laravel/framework/src/Illuminate/Routing/Route.php(205): Illuminate\\Routing\\Route->runController()
#24 /home/holmeswithaview/htdocs/www.holmeswithaview.com/projects/vendor/laravel/framework/src/Illuminate/Routing/Router.php(798): Illuminate\\Routing\\Route->run()
#25 /home/holmeswithaview/htdocs/www.holmeswithaview.com/projects/vendor/laravel/framework/src/Illuminate/Pipeline/Pipeline.php(141): Illuminate\\Routing\\Router->Illuminate\\Routing\\{closure}()
#26 /home/holmeswithaview/htdocs/www.holmeswithaview.com/projects/vendor/laravel/framework/src/Illuminate/Routing/Middleware/SubstituteBindings.php(50): Illuminate\\Pipeline\\Pipeline->Illuminate\\Pipeline\\{closure}()
#27 /home/holmeswithaview/htdocs/www.holmeswithaview.com/projects/vendor/laravel/framework/src/Illuminate/Pipeline/Pipeline.php(180): Illuminate\\Routing\\Middleware\\SubstituteBindings->handle()
#28 /home/holmeswithaview/htdocs/www.holmeswithaview.com/projects/vendor/laravel/framework/src/Illuminate/View/Middleware/ShareErrorsFromSession.php(49): Illuminate\\Pipeline\\Pipeline->Illuminate\\Pipeline\\{closure}()
#29 /home/holmeswithaview/htdocs/www.holmeswithaview.com/projects/vendor/laravel/framework/src/Illuminate/Pipeline/Pipeline.php(180): Illuminate\\View\\Middleware\\ShareErrorsFromSession->handle()
#30 /home/holmeswithaview/htdocs/www.holmeswithaview.com/projects/vendor/laravel/framework/src/Illuminate/Session/Middleware/StartSession.php(121): Illuminate\\Pipeline\\Pipeline->Illuminate\\Pipeline\\{closure}()
#31 /home/holmeswithaview/htdocs/www.holmeswithaview.com/projects/vendor/laravel/framework/src/Illuminate/Session/Middleware/StartSession.php(64): Illuminate\\Session\\Middleware\\StartSession->handleStatefulRequest()
#32 /home/holmeswithaview/htdocs/www.holmeswithaview.com/projects/vendor/laravel/framework/src/Illuminate/Pipeline/Pipeline.php(180): Illuminate\\Session\\Middleware\\StartSession->handle()
#33 /home/holmeswithaview/htdocs/www.holmeswithaview.com/projects/vendor/laravel/framework/src/Illuminate/Cookie/Middleware/AddQueuedCookiesToResponse.php(37): Illuminate\\Pipeline\\Pipeline->Illuminate\\Pipeline\\{closure}()
#34 /home/holmeswithaview/htdocs/www.holmeswithaview.com/projects/vendor/laravel/framework/src/Illuminate/Pipeline/Pipeline.php(180): Illuminate\\Cookie\\Middleware\\AddQueuedCookiesToResponse->handle()
#35 /home/holmeswithaview/htdocs/www.holmeswithaview.com/projects/vendor/laravel/framework/src/Illuminate/Cookie/Middleware/EncryptCookies.php(67): Illuminate\\Pipeline\\Pipeline->Illuminate\\Pipeline\\{closure}()
#36 /home/holmeswithaview/htdocs/www.holmeswithaview.com/projects/vendor/laravel/framework/src/Illuminate/Pipeline/Pipeline.php(180): Illuminate\\Cookie\\Middleware\\EncryptCookies->handle()
#37 /home/holmeswithaview/htdocs/www.holmeswithaview.com/projects/vendor/laravel/framework/src/Illuminate/Pipeline/Pipeline.php(116): Illuminate\\Pipeline\\Pipeline->Illuminate\\Pipeline\\{closure}()
#38 /home/holmeswithaview/htdocs/www.holmeswithaview.com/projects/vendor/laravel/framework/src/Illuminate/Routing/Router.php(799): Illuminate\\Pipeline\\Pipeline->then()
#39 /home/holmeswithaview/htdocs/www.holmeswithaview.com/projects/vendor/laravel/framework/src/Illuminate/Routing/Router.php(776): Illuminate\\Routing\\Router->runRouteWithinStack()
#40 /home/holmeswithaview/htdocs/www.holmeswithaview.com/projects/vendor/laravel/framework/src/Illuminate/Routing/Router.php(740): Illuminate\\Routing\\Router->runRoute()
#41 /home/holmeswithaview/htdocs/www.holmeswithaview.com/projects/vendor/laravel/framework/src/Illuminate/Routing/Router.php(729): Illuminate\\Routing\\Router->dispatchToRoute()
#42 /home/holmeswithaview/htdocs/www.holmeswithaview.com/projects/vendor/laravel/framework/src/Illuminate/Foundation/Http/Kernel.php(190): Illuminate\\Routing\\Router->dispatch()
#43 /home/holmeswithaview/htdocs/www.holmeswithaview.com/projects/vendor/laravel/framework/src/Illuminate/Pipeline/Pipeline.php(141): Illuminate\\Foundation\\Http\\Kernel->Illuminate\\Foundation\\Http\\{closure}()
#44 /home/holmeswithaview/htdocs/www.holmeswithaview.com/projects/vendor/barryvdh/laravel-debugbar/src/Middleware/InjectDebugbar.php(59): Illuminate\\Pipeline\\Pipeline->Illuminate\\Pipeline\\{closure}()
#45 /home/holmeswithaview/htdocs/www.holmeswithaview.com/projects/vendor/laravel/framework/src/Illuminate/Pipeline/Pipeline.php(180): Barryvdh\\Debugbar\\Middleware\\InjectDebugbar->handle()
#46 /home/holmeswithaview/htdocs/www.holmeswithaview.com/projects/vendor/laravel/framework/src/Illuminate/Foundation/Http/Middleware/TransformsRequest.php(21): Illuminate\\Pipeline\\Pipeline->Illuminate\\Pipeline\\{closure}()
#47 /home/holmeswithaview/htdocs/www.holmeswithaview.com/projects/vendor/laravel/framework/src/Illuminate/Foundation/Http/Middleware/ConvertEmptyStringsToNull.php(31): Illuminate\\Foundation\\Http\\Middleware\\TransformsRequest->handle()
#48 /home/holmeswithaview/htdocs/www.holmeswithaview.com/projects/vendor/laravel/framework/src/Illuminate/Pipeline/Pipeline.php(180): Illuminate\\Foundation\\Http\\Middleware\\ConvertEmptyStringsToNull->handle()
#49 /home/holmeswithaview/htdocs/www.holmeswithaview.com/projects/vendor/laravel/framework/src/Illuminate/Foundation/Http/Middleware/TransformsRequest.php(21): Illuminate\\Pipeline\\Pipeline->Illuminate\\Pipeline\\{closure}()
#50 /home/holmeswithaview/htdocs/www.holmeswithaview.com/projects/vendor/laravel/framework/src/Illuminate/Foundation/Http/Middleware/TrimStrings.php(40): Illuminate\\Foundation\\Http\\Middleware\\TransformsRequest->handle()
#51 /home/holmeswithaview/htdocs/www.holmeswithaview.com/projects/vendor/laravel/framework/src/Illuminate/Pipeline/Pipeline.php(180): Illuminate\\Foundation\\Http\\Middleware\\TrimStrings->handle()
#52 /home/holmeswithaview/htdocs/www.holmeswithaview.com/projects/vendor/laravel/framework/src/Illuminate/Foundation/Http/Middleware/ValidatePostSize.php(27): Illuminate\\Pipeline\\Pipeline->Illuminate\\Pipeline\\{closure}()
#53 /home/holmeswithaview/htdocs/www.holmeswithaview.com/projects/vendor/laravel/framework/src/Illuminate/Pipeline/Pipeline.php(180): Illuminate\\Foundation\\Http\\Middleware\\ValidatePostSize->handle()
#54 /home/holmeswithaview/htdocs/www.holmeswithaview.com/projects/vendor/laravel/framework/src/Illuminate/Foundation/Http/Middleware/PreventRequestsDuringMaintenance.php(86): Illuminate\\Pipeline\\Pipeline->Illuminate\\Pipeline\\{closure}()
#55 /home/holmeswithaview/htdocs/www.holmeswithaview.com/projects/vendor/laravel/framework/src/Illuminate/Pipeline/Pipeline.php(180): Illuminate\\Foundation\\Http\\Middleware\\PreventRequestsDuringMaintenance->handle()
#56 /home/holmeswithaview/htdocs/www.holmeswithaview.com/projects/vendor/laravel/framework/src/Illuminate/Http/Middleware/HandleCors.php(49): Illuminate\\Pipeline\\Pipeline->Illuminate\\Pipeline\\{closure}()
#57 /home/holmeswithaview/htdocs/www.holmeswithaview.com/projects/vendor/laravel/framework/src/Illuminate/Pipeline/Pipeline.php(180): Illuminate\\Http\\Middleware\\HandleCors->handle()
#58 /home/holmeswithaview/htdocs/www.holmeswithaview.com/projects/vendor/laravel/framework/src/Illuminate/Http/Middleware/TrustProxies.php(39): Illuminate\\Pipeline\\Pipeline->Illuminate\\Pipeline\\{closure}()
#59 /home/holmeswithaview/htdocs/www.holmeswithaview.com/projects/vendor/laravel/framework/src/Illuminate/Pipeline/Pipeline.php(180): Illuminate\\Http\\Middleware\\TrustProxies->handle()
#60 /home/holmeswithaview/htdocs/www.holmeswithaview.com/projects/vendor/laravel/framework/src/Illuminate/Pipeline/Pipeline.php(116): Illuminate\\Pipeline\\Pipeline->Illuminate\\Pipeline\\{closure}()
#61 /home/holmeswithaview/htdocs/www.holmeswithaview.com/projects/vendor/laravel/framework/src/Illuminate/Foundation/Http/Kernel.php(165): Illuminate\\Pipeline\\Pipeline->then()
#62 /home/holmeswithaview/htdocs/www.holmeswithaview.com/projects/vendor/laravel/framework/src/Illuminate/Foundation/Http/Kernel.php(134): Illuminate\\Foundation\\Http\\Kernel->sendRequestThroughRouter()
#63 /home/holmeswithaview/htdocs/www.holmeswithaview.com/index.php(54): Illuminate\\Foundation\\Http\\Kernel->handle()
#64 {main}
"} 
[2025-03-22 03:05:02] local.ERROR: SQLSTATE[HY000] [2002] Connection refused (SQL: select * from `basic_settings`) {"exception":"[object] (Illuminate\\Database\\QueryException(code: 2002): SQLSTATE[HY000] [2002] Connection refused (SQL: select * from `basic_settings`) at /home/holmeswithaview/htdocs/www.holmeswithaview.com/projects/vendor/laravel/framework/src/Illuminate/Database/Connection.php:760)
[stacktrace]
#0 /home/holmeswithaview/htdocs/www.holmeswithaview.com/projects/vendor/laravel/framework/src/Illuminate/Database/Connection.php(899): Illuminate\\Database\\Connection->runQueryCallback()
#1 /home/holmeswithaview/htdocs/www.holmeswithaview.com/projects/vendor/laravel/framework/src/Illuminate/Database/Connection.php(879): Illuminate\\Database\\Connection->tryAgainIfCausedByLostConnection()
#2 /home/holmeswithaview/htdocs/www.holmeswithaview.com/projects/vendor/laravel/framework/src/Illuminate/Database/Connection.php(723): Illuminate\\Database\\Connection->handleQueryException()
#3 /home/holmeswithaview/htdocs/www.holmeswithaview.com/projects/vendor/laravel/framework/src/Illuminate/Database/Connection.php(422): Illuminate\\Database\\Connection->run()
#4 /home/holmeswithaview/htdocs/www.holmeswithaview.com/projects/vendor/laravel/framework/src/Illuminate/Database/Query/Builder.php(2650): Illuminate\\Database\\Connection->select()
#5 /home/holmeswithaview/htdocs/www.holmeswithaview.com/projects/vendor/laravel/framework/src/Illuminate/Database/Query/Builder.php(2638): Illuminate\\Database\\Query\\Builder->runSelect()
#6 /home/holmeswithaview/htdocs/www.holmeswithaview.com/projects/vendor/laravel/framework/src/Illuminate/Database/Query/Builder.php(3174): Illuminate\\Database\\Query\\Builder->Illuminate\\Database\\Query\\{closure}()
#7 /home/holmeswithaview/htdocs/www.holmeswithaview.com/projects/vendor/laravel/framework/src/Illuminate/Database/Query/Builder.php(2639): Illuminate\\Database\\Query\\Builder->onceWithColumns()
#8 /home/holmeswithaview/htdocs/www.holmeswithaview.com/projects/vendor/laravel/framework/src/Illuminate/Database/Eloquent/Builder.php(702): Illuminate\\Database\\Query\\Builder->get()
#9 /home/holmeswithaview/htdocs/www.holmeswithaview.com/projects/vendor/laravel/framework/src/Illuminate/Database/Eloquent/Builder.php(686): Illuminate\\Database\\Eloquent\\Builder->getModels()
#10 /home/holmeswithaview/htdocs/www.holmeswithaview.com/projects/vendor/laravel/framework/src/Illuminate/Support/Traits/ForwardsCalls.php(23): Illuminate\\Database\\Eloquent\\Builder->get()
#11 /home/holmeswithaview/htdocs/www.holmeswithaview.com/projects/vendor/laravel/framework/src/Illuminate/Database/Eloquent/Model.php(2321): Illuminate\\Database\\Eloquent\\Model->forwardCallTo()
#12 /home/holmeswithaview/htdocs/www.holmeswithaview.com/projects/vendor/laravel/framework/src/Illuminate/Database/Eloquent/Model.php(2333): Illuminate\\Database\\Eloquent\\Model->__call()
#13 /home/holmeswithaview/htdocs/www.holmeswithaview.com/projects/app/Providers/AppServiceProvider.php(31): Illuminate\\Database\\Eloquent\\Model::__callStatic()
#14 /home/holmeswithaview/htdocs/www.holmeswithaview.com/projects/vendor/laravel/framework/src/Illuminate/Container/BoundMethod.php(36): App\\Providers\\AppServiceProvider->boot()
#15 /home/holmeswithaview/htdocs/www.holmeswithaview.com/projects/vendor/laravel/framework/src/Illuminate/Container/Util.php(41): Illuminate\\Container\\BoundMethod::Illuminate\\Container\\{closure}()
#16 /home/holmeswithaview/htdocs/www.holmeswithaview.com/projects/vendor/laravel/framework/src/Illuminate/Container/BoundMethod.php(93): Illuminate\\Container\\Util::unwrapIfClosure()
#17 /home/holmeswithaview/htdocs/www.holmeswithaview.com/projects/vendor/laravel/framework/src/Illuminate/Container/BoundMethod.php(37): Illuminate\\Container\\BoundMethod::callBoundMethod()
#18 /home/holmeswithaview/htdocs/www.holmeswithaview.com/projects/vendor/laravel/framework/src/Illuminate/Container/Container.php(651): Illuminate\\Container\\BoundMethod::call()
#19 /home/holmeswithaview/htdocs/www.holmeswithaview.com/projects/vendor/laravel/framework/src/Illuminate/Foundation/Application.php(933): Illuminate\\Container\\Container->call()
#20 /home/holmeswithaview/htdocs/www.holmeswithaview.com/projects/vendor/laravel/framework/src/Illuminate/Foundation/Application.php(914): Illuminate\\Foundation\\Application->bootProvider()
#21 [internal function]: Illuminate\\Foundation\\Application->Illuminate\\Foundation\\{closure}()
#22 /home/holmeswithaview/htdocs/www.holmeswithaview.com/projects/vendor/laravel/framework/src/Illuminate/Foundation/Application.php(915): array_walk()
#23 /home/holmeswithaview/htdocs/www.holmeswithaview.com/projects/vendor/laravel/framework/src/Illuminate/Foundation/Bootstrap/BootProviders.php(17): Illuminate\\Foundation\\Application->boot()
#24 /home/holmeswithaview/htdocs/www.holmeswithaview.com/projects/vendor/laravel/framework/src/Illuminate/Foundation/Application.php(242): Illuminate\\Foundation\\Bootstrap\\BootProviders->bootstrap()
#25 /home/holmeswithaview/htdocs/www.holmeswithaview.com/projects/vendor/laravel/framework/src/Illuminate/Foundation/Http/Kernel.php(176): Illuminate\\Foundation\\Application->bootstrapWith()
#26 /home/holmeswithaview/htdocs/www.holmeswithaview.com/projects/vendor/laravel/framework/src/Illuminate/Foundation/Http/Kernel.php(160): Illuminate\\Foundation\\Http\\Kernel->bootstrap()
#27 /home/holmeswithaview/htdocs/www.holmeswithaview.com/projects/vendor/laravel/framework/src/Illuminate/Foundation/Http/Kernel.php(134): Illuminate\\Foundation\\Http\\Kernel->sendRequestThroughRouter()
#28 /home/holmeswithaview/htdocs/www.holmeswithaview.com/index.php(54): Illuminate\\Foundation\\Http\\Kernel->handle()
#29 {main}

[previous exception] [object] (PDOException(code: 2002): SQLSTATE[HY000] [2002] Connection refused at /home/holmeswithaview/htdocs/www.holmeswithaview.com/projects/vendor/laravel/framework/src/Illuminate/Database/Connectors/Connector.php:70)
[stacktrace]
#0 /home/holmeswithaview/htdocs/www.holmeswithaview.com/projects/vendor/laravel/framework/src/Illuminate/Database/Connectors/Connector.php(70): PDO->__construct()
#1 /home/holmeswithaview/htdocs/www.holmeswithaview.com/projects/vendor/laravel/framework/src/Illuminate/Database/Connectors/Connector.php(100): Illuminate\\Database\\Connectors\\Connector->createPdoConnection()
#2 /home/holmeswithaview/htdocs/www.holmeswithaview.com/projects/vendor/laravel/framework/src/Illuminate/Database/Connectors/Connector.php(50): Illuminate\\Database\\Connectors\\Connector->tryAgainIfCausedByLostConnection()
#3 /home/holmeswithaview/htdocs/www.holmeswithaview.com/projects/vendor/laravel/framework/src/Illuminate/Database/Connectors/MySqlConnector.php(24): Illuminate\\Database\\Connectors\\Connector->createConnection()
#4 /home/holmeswithaview/htdocs/www.holmeswithaview.com/projects/vendor/laravel/framework/src/Illuminate/Database/Connectors/ConnectionFactory.php(184): Illuminate\\Database\\Connectors\\MySqlConnector->connect()
#5 [internal function]: Illuminate\\Database\\Connectors\\ConnectionFactory->Illuminate\\Database\\Connectors\\{closure}()
#6 /home/holmeswithaview/htdocs/www.holmeswithaview.com/projects/vendor/laravel/framework/src/Illuminate/Database/Connection.php(1171): call_user_func()
#7 /home/holmeswithaview/htdocs/www.holmeswithaview.com/projects/vendor/laravel/framework/src/Illuminate/Database/Connection.php(1207): Illuminate\\Database\\Connection->getPdo()
#8 /home/holmeswithaview/htdocs/www.holmeswithaview.com/projects/vendor/laravel/framework/src/Illuminate/Database/Connection.php(486): Illuminate\\Database\\Connection->getReadPdo()
#9 /home/holmeswithaview/htdocs/www.holmeswithaview.com/projects/vendor/laravel/framework/src/Illuminate/Database/Connection.php(414): Illuminate\\Database\\Connection->getPdoForSelect()
#10 /home/holmeswithaview/htdocs/www.holmeswithaview.com/projects/vendor/laravel/framework/src/Illuminate/Database/Connection.php(753): Illuminate\\Database\\Connection->Illuminate\\Database\\{closure}()
#11 /home/holmeswithaview/htdocs/www.holmeswithaview.com/projects/vendor/laravel/framework/src/Illuminate/Database/Connection.php(899): Illuminate\\Database\\Connection->runQueryCallback()
#12 /home/holmeswithaview/htdocs/www.holmeswithaview.com/projects/vendor/laravel/framework/src/Illuminate/Database/Connection.php(879): Illuminate\\Database\\Connection->tryAgainIfCausedByLostConnection()
#13 /home/holmeswithaview/htdocs/www.holmeswithaview.com/projects/vendor/laravel/framework/src/Illuminate/Database/Connection.php(723): Illuminate\\Database\\Connection->handleQueryException()
#14 /home/holmeswithaview/htdocs/www.holmeswithaview.com/projects/vendor/laravel/framework/src/Illuminate/Database/Connection.php(422): Illuminate\\Database\\Connection->run()
#15 /home/holmeswithaview/htdocs/www.holmeswithaview.com/projects/vendor/laravel/framework/src/Illuminate/Database/Query/Builder.php(2650): Illuminate\\Database\\Connection->select()
#16 /home/holmeswithaview/htdocs/www.holmeswithaview.com/projects/vendor/laravel/framework/src/Illuminate/Database/Query/Builder.php(2638): Illuminate\\Database\\Query\\Builder->runSelect()
#17 /home/holmeswithaview/htdocs/www.holmeswithaview.com/projects/vendor/laravel/framework/src/Illuminate/Database/Query/Builder.php(3174): Illuminate\\Database\\Query\\Builder->Illuminate\\Database\\Query\\{closure}()
#18 /home/holmeswithaview/htdocs/www.holmeswithaview.com/projects/vendor/laravel/framework/src/Illuminate/Database/Query/Builder.php(2639): Illuminate\\Database\\Query\\Builder->onceWithColumns()
#19 /home/holmeswithaview/htdocs/www.holmeswithaview.com/projects/vendor/laravel/framework/src/Illuminate/Database/Eloquent/Builder.php(702): Illuminate\\Database\\Query\\Builder->get()
#20 /home/holmeswithaview/htdocs/www.holmeswithaview.com/projects/vendor/laravel/framework/src/Illuminate/Database/Eloquent/Builder.php(686): Illuminate\\Database\\Eloquent\\Builder->getModels()
#21 /home/holmeswithaview/htdocs/www.holmeswithaview.com/projects/vendor/laravel/framework/src/Illuminate/Support/Traits/ForwardsCalls.php(23): Illuminate\\Database\\Eloquent\\Builder->get()
#22 /home/holmeswithaview/htdocs/www.holmeswithaview.com/projects/vendor/laravel/framework/src/Illuminate/Database/Eloquent/Model.php(2321): Illuminate\\Database\\Eloquent\\Model->forwardCallTo()
#23 /home/holmeswithaview/htdocs/www.holmeswithaview.com/projects/vendor/laravel/framework/src/Illuminate/Database/Eloquent/Model.php(2333): Illuminate\\Database\\Eloquent\\Model->__call()
#24 /home/holmeswithaview/htdocs/www.holmeswithaview.com/projects/app/Providers/AppServiceProvider.php(31): Illuminate\\Database\\Eloquent\\Model::__callStatic()
#25 /home/holmeswithaview/htdocs/www.holmeswithaview.com/projects/vendor/laravel/framework/src/Illuminate/Container/BoundMethod.php(36): App\\Providers\\AppServiceProvider->boot()
#26 /home/holmeswithaview/htdocs/www.holmeswithaview.com/projects/vendor/laravel/framework/src/Illuminate/Container/Util.php(41): Illuminate\\Container\\BoundMethod::Illuminate\\Container\\{closure}()
#27 /home/holmeswithaview/htdocs/www.holmeswithaview.com/projects/vendor/laravel/framework/src/Illuminate/Container/BoundMethod.php(93): Illuminate\\Container\\Util::unwrapIfClosure()
#28 /home/holmeswithaview/htdocs/www.holmeswithaview.com/projects/vendor/laravel/framework/src/Illuminate/Container/BoundMethod.php(37): Illuminate\\Container\\BoundMethod::callBoundMethod()
#29 /home/holmeswithaview/htdocs/www.holmeswithaview.com/projects/vendor/laravel/framework/src/Illuminate/Container/Container.php(651): Illuminate\\Container\\BoundMethod::call()
#30 /home/holmeswithaview/htdocs/www.holmeswithaview.com/projects/vendor/laravel/framework/src/Illuminate/Foundation/Application.php(933): Illuminate\\Container\\Container->call()
#31 /home/holmeswithaview/htdocs/www.holmeswithaview.com/projects/vendor/laravel/framework/src/Illuminate/Foundation/Application.php(914): Illuminate\\Foundation\\Application->bootProvider()
#32 [internal function]: Illuminate\\Foundation\\Application->Illuminate\\Foundation\\{closure}()
#33 /home/holmeswithaview/htdocs/www.holmeswithaview.com/projects/vendor/laravel/framework/src/Illuminate/Foundation/Application.php(915): array_walk()
#34 /home/holmeswithaview/htdocs/www.holmeswithaview.com/projects/vendor/laravel/framework/src/Illuminate/Foundation/Bootstrap/BootProviders.php(17): Illuminate\\Foundation\\Application->boot()
#35 /home/holmeswithaview/htdocs/www.holmeswithaview.com/projects/vendor/laravel/framework/src/Illuminate/Foundation/Application.php(242): Illuminate\\Foundation\\Bootstrap\\BootProviders->bootstrap()
#36 /home/holmeswithaview/htdocs/www.holmeswithaview.com/projects/vendor/laravel/framework/src/Illuminate/Foundation/Http/Kernel.php(176): Illuminate\\Foundation\\Application->bootstrapWith()
#37 /home/holmeswithaview/htdocs/www.holmeswithaview.com/projects/vendor/laravel/framework/src/Illuminate/Foundation/Http/Kernel.php(160): Illuminate\\Foundation\\Http\\Kernel->bootstrap()
#38 /home/holmeswithaview/htdocs/www.holmeswithaview.com/projects/vendor/laravel/framework/src/Illuminate/Foundation/Http/Kernel.php(134): Illuminate\\Foundation\\Http\\Kernel->sendRequestThroughRouter()
#39 /home/holmeswithaview/htdocs/www.holmeswithaview.com/index.php(54): Illuminate\\Foundation\\Http\\Kernel->handle()
#40 {main}
"} 
