[2025-04-01 08:26:37] local.ERROR: Undefined variable $new_array {"exception":"[object] (ErrorException(code: 0): Undefined variable $new_array at /home/holmeswithaview/htdocs/www.holmeswithaview.com/projects/app/Helper/HostAwayAPI.php:255)
[stacktrace]
#0 /home/holmeswithaview/htdocs/www.holmeswithaview.com/projects/vendor/laravel/framework/src/Illuminate/Foundation/Bootstrap/HandleExceptions.php(259): Illuminate\\Foundation\\Bootstrap\\HandleExceptions->handleError()
#1 /home/holmeswithaview/htdocs/www.holmeswithaview.com/projects/app/Helper/HostAwayAPI.php(255): Illuminate\\Foundation\\Bootstrap\\HandleExceptions->Illuminate\\Foundation\\Bootstrap\\{closure}()
#2 /home/holmeswithaview/htdocs/www.holmeswithaview.com/projects/app/Helper/HostAwayAPI.php(217): App\\Helper\\HostAwayAPI->getAllCalendarAPIRun()
#3 /home/holmeswithaview/htdocs/www.holmeswithaview.com/projects/vendor/laravel/framework/src/Illuminate/Support/Facades/Facade.php(338): App\\Helper\\HostAwayAPI->getPropertiesList()
#4 /home/holmeswithaview/htdocs/www.holmeswithaview.com/projects/app/Http/Controllers/PageController.php(49): Illuminate\\Support\\Facades\\Facade::__callStatic()
#5 /home/holmeswithaview/htdocs/www.holmeswithaview.com/projects/vendor/laravel/framework/src/Illuminate/Routing/Controller.php(54): App\\Http\\Controllers\\PageController->getPropertiesList()
#6 /home/holmeswithaview/htdocs/www.holmeswithaview.com/projects/vendor/laravel/framework/src/Illuminate/Routing/ControllerDispatcher.php(43): Illuminate\\Routing\\Controller->callAction()
#7 /home/holmeswithaview/htdocs/www.holmeswithaview.com/projects/vendor/laravel/framework/src/Illuminate/Routing/Route.php(260): Illuminate\\Routing\\ControllerDispatcher->dispatch()
#8 /home/holmeswithaview/htdocs/www.holmeswithaview.com/projects/vendor/laravel/framework/src/Illuminate/Routing/Route.php(205): Illuminate\\Routing\\Route->runController()
#9 /home/holmeswithaview/htdocs/www.holmeswithaview.com/projects/vendor/laravel/framework/src/Illuminate/Routing/Router.php(798): Illuminate\\Routing\\Route->run()
#10 /home/holmeswithaview/htdocs/www.holmeswithaview.com/projects/vendor/laravel/framework/src/Illuminate/Pipeline/Pipeline.php(141): Illuminate\\Routing\\Router->Illuminate\\Routing\\{closure}()
#11 /home/holmeswithaview/htdocs/www.holmeswithaview.com/projects/vendor/laravel/framework/src/Illuminate/Routing/Middleware/SubstituteBindings.php(50): Illuminate\\Pipeline\\Pipeline->Illuminate\\Pipeline\\{closure}()
#12 /home/holmeswithaview/htdocs/www.holmeswithaview.com/projects/vendor/laravel/framework/src/Illuminate/Pipeline/Pipeline.php(180): Illuminate\\Routing\\Middleware\\SubstituteBindings->handle()
#13 /home/holmeswithaview/htdocs/www.holmeswithaview.com/projects/vendor/laravel/framework/src/Illuminate/View/Middleware/ShareErrorsFromSession.php(49): Illuminate\\Pipeline\\Pipeline->Illuminate\\Pipeline\\{closure}()
#14 /home/holmeswithaview/htdocs/www.holmeswithaview.com/projects/vendor/laravel/framework/src/Illuminate/Pipeline/Pipeline.php(180): Illuminate\\View\\Middleware\\ShareErrorsFromSession->handle()
#15 /home/holmeswithaview/htdocs/www.holmeswithaview.com/projects/vendor/laravel/framework/src/Illuminate/Session/Middleware/StartSession.php(121): Illuminate\\Pipeline\\Pipeline->Illuminate\\Pipeline\\{closure}()
#16 /home/holmeswithaview/htdocs/www.holmeswithaview.com/projects/vendor/laravel/framework/src/Illuminate/Session/Middleware/StartSession.php(64): Illuminate\\Session\\Middleware\\StartSession->handleStatefulRequest()
#17 /home/holmeswithaview/htdocs/www.holmeswithaview.com/projects/vendor/laravel/framework/src/Illuminate/Pipeline/Pipeline.php(180): Illuminate\\Session\\Middleware\\StartSession->handle()
#18 /home/holmeswithaview/htdocs/www.holmeswithaview.com/projects/vendor/laravel/framework/src/Illuminate/Cookie/Middleware/AddQueuedCookiesToResponse.php(37): Illuminate\\Pipeline\\Pipeline->Illuminate\\Pipeline\\{closure}()
#19 /home/holmeswithaview/htdocs/www.holmeswithaview.com/projects/vendor/laravel/framework/src/Illuminate/Pipeline/Pipeline.php(180): Illuminate\\Cookie\\Middleware\\AddQueuedCookiesToResponse->handle()
#20 /home/holmeswithaview/htdocs/www.holmeswithaview.com/projects/vendor/laravel/framework/src/Illuminate/Cookie/Middleware/EncryptCookies.php(67): Illuminate\\Pipeline\\Pipeline->Illuminate\\Pipeline\\{closure}()
#21 /home/holmeswithaview/htdocs/www.holmeswithaview.com/projects/vendor/laravel/framework/src/Illuminate/Pipeline/Pipeline.php(180): Illuminate\\Cookie\\Middleware\\EncryptCookies->handle()
#22 /home/holmeswithaview/htdocs/www.holmeswithaview.com/projects/vendor/laravel/framework/src/Illuminate/Pipeline/Pipeline.php(116): Illuminate\\Pipeline\\Pipeline->Illuminate\\Pipeline\\{closure}()
#23 /home/holmeswithaview/htdocs/www.holmeswithaview.com/projects/vendor/laravel/framework/src/Illuminate/Routing/Router.php(799): Illuminate\\Pipeline\\Pipeline->then()
#24 /home/holmeswithaview/htdocs/www.holmeswithaview.com/projects/vendor/laravel/framework/src/Illuminate/Routing/Router.php(776): Illuminate\\Routing\\Router->runRouteWithinStack()
#25 /home/holmeswithaview/htdocs/www.holmeswithaview.com/projects/vendor/laravel/framework/src/Illuminate/Routing/Router.php(740): Illuminate\\Routing\\Router->runRoute()
#26 /home/holmeswithaview/htdocs/www.holmeswithaview.com/projects/vendor/laravel/framework/src/Illuminate/Routing/Router.php(729): Illuminate\\Routing\\Router->dispatchToRoute()
#27 /home/holmeswithaview/htdocs/www.holmeswithaview.com/projects/vendor/laravel/framework/src/Illuminate/Foundation/Http/Kernel.php(190): Illuminate\\Routing\\Router->dispatch()
#28 /home/holmeswithaview/htdocs/www.holmeswithaview.com/projects/vendor/laravel/framework/src/Illuminate/Pipeline/Pipeline.php(141): Illuminate\\Foundation\\Http\\Kernel->Illuminate\\Foundation\\Http\\{closure}()
#29 /home/holmeswithaview/htdocs/www.holmeswithaview.com/projects/vendor/barryvdh/laravel-debugbar/src/Middleware/InjectDebugbar.php(59): Illuminate\\Pipeline\\Pipeline->Illuminate\\Pipeline\\{closure}()
#30 /home/holmeswithaview/htdocs/www.holmeswithaview.com/projects/vendor/laravel/framework/src/Illuminate/Pipeline/Pipeline.php(180): Barryvdh\\Debugbar\\Middleware\\InjectDebugbar->handle()
#31 /home/holmeswithaview/htdocs/www.holmeswithaview.com/projects/vendor/laravel/framework/src/Illuminate/Foundation/Http/Middleware/TransformsRequest.php(21): Illuminate\\Pipeline\\Pipeline->Illuminate\\Pipeline\\{closure}()
#32 /home/holmeswithaview/htdocs/www.holmeswithaview.com/projects/vendor/laravel/framework/src/Illuminate/Foundation/Http/Middleware/ConvertEmptyStringsToNull.php(31): Illuminate\\Foundation\\Http\\Middleware\\TransformsRequest->handle()
#33 /home/holmeswithaview/htdocs/www.holmeswithaview.com/projects/vendor/laravel/framework/src/Illuminate/Pipeline/Pipeline.php(180): Illuminate\\Foundation\\Http\\Middleware\\ConvertEmptyStringsToNull->handle()
#34 /home/holmeswithaview/htdocs/www.holmeswithaview.com/projects/vendor/laravel/framework/src/Illuminate/Foundation/Http/Middleware/TransformsRequest.php(21): Illuminate\\Pipeline\\Pipeline->Illuminate\\Pipeline\\{closure}()
#35 /home/holmeswithaview/htdocs/www.holmeswithaview.com/projects/vendor/laravel/framework/src/Illuminate/Foundation/Http/Middleware/TrimStrings.php(40): Illuminate\\Foundation\\Http\\Middleware\\TransformsRequest->handle()
#36 /home/holmeswithaview/htdocs/www.holmeswithaview.com/projects/vendor/laravel/framework/src/Illuminate/Pipeline/Pipeline.php(180): Illuminate\\Foundation\\Http\\Middleware\\TrimStrings->handle()
#37 /home/holmeswithaview/htdocs/www.holmeswithaview.com/projects/vendor/laravel/framework/src/Illuminate/Foundation/Http/Middleware/ValidatePostSize.php(27): Illuminate\\Pipeline\\Pipeline->Illuminate\\Pipeline\\{closure}()
#38 /home/holmeswithaview/htdocs/www.holmeswithaview.com/projects/vendor/laravel/framework/src/Illuminate/Pipeline/Pipeline.php(180): Illuminate\\Foundation\\Http\\Middleware\\ValidatePostSize->handle()
#39 /home/holmeswithaview/htdocs/www.holmeswithaview.com/projects/vendor/laravel/framework/src/Illuminate/Foundation/Http/Middleware/PreventRequestsDuringMaintenance.php(86): Illuminate\\Pipeline\\Pipeline->Illuminate\\Pipeline\\{closure}()
#40 /home/holmeswithaview/htdocs/www.holmeswithaview.com/projects/vendor/laravel/framework/src/Illuminate/Pipeline/Pipeline.php(180): Illuminate\\Foundation\\Http\\Middleware\\PreventRequestsDuringMaintenance->handle()
#41 /home/holmeswithaview/htdocs/www.holmeswithaview.com/projects/vendor/laravel/framework/src/Illuminate/Http/Middleware/HandleCors.php(49): Illuminate\\Pipeline\\Pipeline->Illuminate\\Pipeline\\{closure}()
#42 /home/holmeswithaview/htdocs/www.holmeswithaview.com/projects/vendor/laravel/framework/src/Illuminate/Pipeline/Pipeline.php(180): Illuminate\\Http\\Middleware\\HandleCors->handle()
#43 /home/holmeswithaview/htdocs/www.holmeswithaview.com/projects/vendor/laravel/framework/src/Illuminate/Http/Middleware/TrustProxies.php(39): Illuminate\\Pipeline\\Pipeline->Illuminate\\Pipeline\\{closure}()
#44 /home/holmeswithaview/htdocs/www.holmeswithaview.com/projects/vendor/laravel/framework/src/Illuminate/Pipeline/Pipeline.php(180): Illuminate\\Http\\Middleware\\TrustProxies->handle()
#45 /home/holmeswithaview/htdocs/www.holmeswithaview.com/projects/vendor/laravel/framework/src/Illuminate/Pipeline/Pipeline.php(116): Illuminate\\Pipeline\\Pipeline->Illuminate\\Pipeline\\{closure}()
#46 /home/holmeswithaview/htdocs/www.holmeswithaview.com/projects/vendor/laravel/framework/src/Illuminate/Foundation/Http/Kernel.php(165): Illuminate\\Pipeline\\Pipeline->then()
#47 /home/holmeswithaview/htdocs/www.holmeswithaview.com/projects/vendor/laravel/framework/src/Illuminate/Foundation/Http/Kernel.php(134): Illuminate\\Foundation\\Http\\Kernel->sendRequestThroughRouter()
#48 /home/holmeswithaview/htdocs/www.holmeswithaview.com/index.php(54): Illuminate\\Foundation\\Http\\Kernel->handle()
#49 {main}
"} 
