[2025-07-22 12:03:30] local.ERROR: file_put_contents(/home/holmeswithaview/htdocs/www.holmeswithaview.com/projects/storage/framework/sessions/TBtgJ5WeKMvOHo7clBidbnOAkcF9KhvcjKMinA2u): Failed to open stream: Permission denied {"exception":"[object] (ErrorException(code: 0): file_put_contents(/home/holmeswithaview/htdocs/www.holmeswithaview.com/projects/storage/framework/sessions/TBtgJ5WeKMvOHo7clBidbnOAkcF9KhvcjKMinA2u): Failed to open stream: Permission denied at /home/holmeswithaview/htdocs/www.holmeswithaview.com/projects/vendor/laravel/framework/src/Illuminate/Filesystem/Filesystem.php:190)
[stacktrace]
#0 /home/holmeswithaview/htdocs/www.holmeswithaview.com/projects/vendor/laravel/framework/src/Illuminate/Foundation/Bootstrap/HandleExceptions.php(259): Illuminate\\Foundation\\Bootstrap\\HandleExceptions->handleError()
#1 [internal function]: Illuminate\\Foundation\\Bootstrap\\HandleExceptions->Illuminate\\Foundation\\Bootstrap\\{closure}()
#2 /home/holmeswithaview/htdocs/www.holmeswithaview.com/projects/vendor/laravel/framework/src/Illuminate/Filesystem/Filesystem.php(190): file_put_contents()
#3 /home/holmeswithaview/htdocs/www.holmeswithaview.com/projects/vendor/laravel/framework/src/Illuminate/Session/FileSessionHandler.php(90): Illuminate\\Filesystem\\Filesystem->put()
#4 /home/holmeswithaview/htdocs/www.holmeswithaview.com/projects/vendor/laravel/framework/src/Illuminate/Session/Store.php(170): Illuminate\\Session\\FileSessionHandler->write()
#5 /home/holmeswithaview/htdocs/www.holmeswithaview.com/projects/vendor/laravel/framework/src/Illuminate/Session/Middleware/StartSession.php(238): Illuminate\\Session\\Store->save()
#6 /home/holmeswithaview/htdocs/www.holmeswithaview.com/projects/vendor/laravel/framework/src/Illuminate/Session/Middleware/StartSession.php(130): Illuminate\\Session\\Middleware\\StartSession->saveSession()
#7 /home/holmeswithaview/htdocs/www.holmeswithaview.com/projects/vendor/laravel/framework/src/Illuminate/Session/Middleware/StartSession.php(64): Illuminate\\Session\\Middleware\\StartSession->handleStatefulRequest()
#8 /home/holmeswithaview/htdocs/www.holmeswithaview.com/projects/vendor/laravel/framework/src/Illuminate/Pipeline/Pipeline.php(180): Illuminate\\Session\\Middleware\\StartSession->handle()
#9 /home/holmeswithaview/htdocs/www.holmeswithaview.com/projects/vendor/laravel/framework/src/Illuminate/Cookie/Middleware/AddQueuedCookiesToResponse.php(37): Illuminate\\Pipeline\\Pipeline->Illuminate\\Pipeline\\{closure}()
#10 /home/holmeswithaview/htdocs/www.holmeswithaview.com/projects/vendor/laravel/framework/src/Illuminate/Pipeline/Pipeline.php(180): Illuminate\\Cookie\\Middleware\\AddQueuedCookiesToResponse->handle()
#11 /home/holmeswithaview/htdocs/www.holmeswithaview.com/projects/vendor/laravel/framework/src/Illuminate/Cookie/Middleware/EncryptCookies.php(67): Illuminate\\Pipeline\\Pipeline->Illuminate\\Pipeline\\{closure}()
#12 /home/holmeswithaview/htdocs/www.holmeswithaview.com/projects/vendor/laravel/framework/src/Illuminate/Pipeline/Pipeline.php(180): Illuminate\\Cookie\\Middleware\\EncryptCookies->handle()
#13 /home/holmeswithaview/htdocs/www.holmeswithaview.com/projects/vendor/laravel/framework/src/Illuminate/Pipeline/Pipeline.php(116): Illuminate\\Pipeline\\Pipeline->Illuminate\\Pipeline\\{closure}()
#14 /home/holmeswithaview/htdocs/www.holmeswithaview.com/projects/vendor/laravel/framework/src/Illuminate/Routing/Router.php(799): Illuminate\\Pipeline\\Pipeline->then()
#15 /home/holmeswithaview/htdocs/www.holmeswithaview.com/projects/vendor/laravel/framework/src/Illuminate/Routing/Router.php(776): Illuminate\\Routing\\Router->runRouteWithinStack()
#16 /home/holmeswithaview/htdocs/www.holmeswithaview.com/projects/vendor/laravel/framework/src/Illuminate/Routing/Router.php(740): Illuminate\\Routing\\Router->runRoute()
#17 /home/holmeswithaview/htdocs/www.holmeswithaview.com/projects/vendor/laravel/framework/src/Illuminate/Routing/Router.php(729): Illuminate\\Routing\\Router->dispatchToRoute()
#18 /home/holmeswithaview/htdocs/www.holmeswithaview.com/projects/vendor/laravel/framework/src/Illuminate/Foundation/Http/Kernel.php(190): Illuminate\\Routing\\Router->dispatch()
#19 /home/holmeswithaview/htdocs/www.holmeswithaview.com/projects/vendor/laravel/framework/src/Illuminate/Pipeline/Pipeline.php(141): Illuminate\\Foundation\\Http\\Kernel->Illuminate\\Foundation\\Http\\{closure}()
#20 /home/holmeswithaview/htdocs/www.holmeswithaview.com/projects/vendor/barryvdh/laravel-debugbar/src/Middleware/InjectDebugbar.php(59): Illuminate\\Pipeline\\Pipeline->Illuminate\\Pipeline\\{closure}()
#21 /home/holmeswithaview/htdocs/www.holmeswithaview.com/projects/vendor/laravel/framework/src/Illuminate/Pipeline/Pipeline.php(180): Barryvdh\\Debugbar\\Middleware\\InjectDebugbar->handle()
#22 /home/holmeswithaview/htdocs/www.holmeswithaview.com/projects/vendor/laravel/framework/src/Illuminate/Foundation/Http/Middleware/TransformsRequest.php(21): Illuminate\\Pipeline\\Pipeline->Illuminate\\Pipeline\\{closure}()
#23 /home/holmeswithaview/htdocs/www.holmeswithaview.com/projects/vendor/laravel/framework/src/Illuminate/Foundation/Http/Middleware/ConvertEmptyStringsToNull.php(31): Illuminate\\Foundation\\Http\\Middleware\\TransformsRequest->handle()
#24 /home/holmeswithaview/htdocs/www.holmeswithaview.com/projects/vendor/laravel/framework/src/Illuminate/Pipeline/Pipeline.php(180): Illuminate\\Foundation\\Http\\Middleware\\ConvertEmptyStringsToNull->handle()
#25 /home/holmeswithaview/htdocs/www.holmeswithaview.com/projects/vendor/laravel/framework/src/Illuminate/Foundation/Http/Middleware/TransformsRequest.php(21): Illuminate\\Pipeline\\Pipeline->Illuminate\\Pipeline\\{closure}()
#26 /home/holmeswithaview/htdocs/www.holmeswithaview.com/projects/vendor/laravel/framework/src/Illuminate/Foundation/Http/Middleware/TrimStrings.php(40): Illuminate\\Foundation\\Http\\Middleware\\TransformsRequest->handle()
#27 /home/holmeswithaview/htdocs/www.holmeswithaview.com/projects/vendor/laravel/framework/src/Illuminate/Pipeline/Pipeline.php(180): Illuminate\\Foundation\\Http\\Middleware\\TrimStrings->handle()
#28 /home/holmeswithaview/htdocs/www.holmeswithaview.com/projects/vendor/laravel/framework/src/Illuminate/Foundation/Http/Middleware/ValidatePostSize.php(27): Illuminate\\Pipeline\\Pipeline->Illuminate\\Pipeline\\{closure}()
#29 /home/holmeswithaview/htdocs/www.holmeswithaview.com/projects/vendor/laravel/framework/src/Illuminate/Pipeline/Pipeline.php(180): Illuminate\\Foundation\\Http\\Middleware\\ValidatePostSize->handle()
#30 /home/holmeswithaview/htdocs/www.holmeswithaview.com/projects/vendor/laravel/framework/src/Illuminate/Foundation/Http/Middleware/PreventRequestsDuringMaintenance.php(86): Illuminate\\Pipeline\\Pipeline->Illuminate\\Pipeline\\{closure}()
#31 /home/holmeswithaview/htdocs/www.holmeswithaview.com/projects/vendor/laravel/framework/src/Illuminate/Pipeline/Pipeline.php(180): Illuminate\\Foundation\\Http\\Middleware\\PreventRequestsDuringMaintenance->handle()
#32 /home/holmeswithaview/htdocs/www.holmeswithaview.com/projects/vendor/laravel/framework/src/Illuminate/Http/Middleware/HandleCors.php(49): Illuminate\\Pipeline\\Pipeline->Illuminate\\Pipeline\\{closure}()
#33 /home/holmeswithaview/htdocs/www.holmeswithaview.com/projects/vendor/laravel/framework/src/Illuminate/Pipeline/Pipeline.php(180): Illuminate\\Http\\Middleware\\HandleCors->handle()
#34 /home/holmeswithaview/htdocs/www.holmeswithaview.com/projects/vendor/laravel/framework/src/Illuminate/Http/Middleware/TrustProxies.php(39): Illuminate\\Pipeline\\Pipeline->Illuminate\\Pipeline\\{closure}()
#35 /home/holmeswithaview/htdocs/www.holmeswithaview.com/projects/vendor/laravel/framework/src/Illuminate/Pipeline/Pipeline.php(180): Illuminate\\Http\\Middleware\\TrustProxies->handle()
#36 /home/holmeswithaview/htdocs/www.holmeswithaview.com/projects/vendor/laravel/framework/src/Illuminate/Pipeline/Pipeline.php(116): Illuminate\\Pipeline\\Pipeline->Illuminate\\Pipeline\\{closure}()
#37 /home/holmeswithaview/htdocs/www.holmeswithaview.com/projects/vendor/laravel/framework/src/Illuminate/Foundation/Http/Kernel.php(165): Illuminate\\Pipeline\\Pipeline->then()
#38 /home/holmeswithaview/htdocs/www.holmeswithaview.com/projects/vendor/laravel/framework/src/Illuminate/Foundation/Http/Kernel.php(134): Illuminate\\Foundation\\Http\\Kernel->sendRequestThroughRouter()
#39 /home/holmeswithaview/htdocs/www.holmeswithaview.com/index_header.php(54): Illuminate\\Foundation\\Http\\Kernel->handle()
#40 /home/holmeswithaview/htdocs/www.holmeswithaview.com/index.php(15): include('...')
#41 {main}
"} 
